<?xml version="1.0" encoding="UTF-8"?>

<Message>
  <Version Orderid="TEST-ORD-005" ContractId="Test Contract 1111" SiteId="Test Site"
           OrderSentDate="2002-09-20 10:53:55" Ordertype="Disconnect" Orderstatus="ReleaseOrder"
           customerId="1111" EndUserId="1111" ServiceId="FRAME_RELAY_TEST" ExchangeRate="1.0">

    <System Id="GOLD">
      <User Name="tester"/>
    </System>

    <!-- Disconnect service element -->
    <ServiceElement CreationDate="2002-09-20 10:29:34" 
                    Id="TEST-EL-003" 
                    ServiceElementClass="ServiceOptions" 
                    Name="Test Service Options 1" 
                    Description="Test Service Options 1 Description">
      <Type Category="Disconnect"/>
    </ServiceElement>
  </Version>
</Message>
