<?xml version="1.0" encoding="UTF-8"?>

<Message>
  <Version Orderid="TEST-LONG-FLOAT-001" ContractId="TEST\contract\ID"
      SiteId="Test Site" OrderSentDate="2003-04-15 11:41:17"
      Ordertype="New" Orderstatus="ReleaseOrder" customerId="1111"
      EndUserId="1111" ServiceId="FRAME_RELAY_TEST" ExchangeRate="1.0">
    <System Id="GOLD">
      <User Name="tester"/>
    </System>
    <ServiceElement CreationDate="2003-04-15 11:41:18" Id="GO000000B0"
        ServiceElementClass="AccessConnection" Name="Primary Access Connection"
        Description="Primary Access Connection">
      <Type Category="Creation"/>
      <ServiceElementAttribute Name="Access Connection Name" Value="Primary Access Connection">
        <OnceOffCharge Amount="4.12999999999999989341858963598497211933135986328125"/>
        <RecurringCharge Amount="4.12999999999999989341858963598497211933135986328125"/>
      </ServiceElementAttribute>
      <ServiceElementAttribute Name="Circuit Type" Value="Digital Leased Line">
        <OnceOffCharge Amount="5.13999999999999968025576890795491635799407958984375"/>
        <RecurringCharge Amount="5.13999999999999968025576890795491635799407958984375"/>
      </ServiceElementAttribute>
      <ServiceElementAttribute Name="Circuit Quote Reference" Value="ex"/>
      <ServiceElementAttribute Name="Termination Interface" Value="V.35-DCE"/>
      <ServiceElementAttribute Name="Circuit Speed" Value="384 Kbps"/>
      <ServiceElementAttribute Name="Circuit Ordered by" Value="Equant"/>
      <ServiceElementAttribute Name="Port Type" Value="Frame Relay"/>
      <ServiceElementAttribute Name="Port Speed" Value="384 Kbps">
        <OnceOffCharge Amount="6.1500000000000003552713678800500929355621337890625"/>
        <RecurringCharge Amount="6.1500000000000003552713678800500929355621337890625"/>
      </ServiceElementAttribute>
      <ServiceElementAttribute Name="Local DNA Address" Value="dd12222"/>
      <ServiceElementAttribute Name="Local Customer Defined Code" Value="cdc"/>
      <ServiceElementAttribute Name="Local User Repertory Name" Value="s223"/>
      <ServiceElementAttribute Name="City Centre Code" Value="ALBL01"/>
      <ServiceElementAttribute Name="Node Name" Value="ss"/>
    </ServiceElement>
    <ServiceElement CreationDate="2003-04-15 11:41:18" Id="BKP::GO000000B0"
        ServiceElementClass="BackupOptions" Name="ISDN Backup Access Connection"
        Description="ISDN Backup Access Connection">
      <Type Category="Creation"/>
      <ServiceElementAttribute Name="Access Connection Name" Value="Primary Access Connection"/>
      <ServiceElementAttribute Name="Backup Type" Value="ISDN Dial Line">
        <OnceOffCharge Amount="7.160000000000000142108547152020037174224853515625"/>
        <RecurringCharge Amount="7.160000000000000142108547152020037174224853515625"/>
      </ServiceElementAttribute>
      <ServiceElementAttribute Name="Speed" Value="256 Kbps"/>
      <ServiceElementAttribute Name="Backup Line Type" Value="BRI"/>
    </ServiceElement>
    <ServiceElement CreationDate="2003-04-15 11:41:18" Id="sc_1050419663412FRAME_RELAY_PURPLE"
        ServiceElementClass="ServiceOptions" Name="Service Management"
        Description="Service Management">
      <Type Category="Creation"/>
      <ServiceElementAttribute Name="Service Level" Value="Premium"/>
      <ServiceElementAttribute Name="Hours of Coverage" Value="Standard: Normal Business Hours"/>
      <ServiceElementAttribute Name="Response Time" Value="Standard"/>
      <ServiceElementAttribute Name="Restore Time" Value="Standard (3 hours)"/>
    </ServiceElement>
    <ServiceElement CreationDate="2003-04-15 11:41:18" Id="GO000001B1"
        ServiceElementClass="Transport" Name="Primary PVC"
        Description="Primary PVC">
      <Type Category="Creation"/>
      <ServiceElementAttribute Name="Transport Type" Value="Primary PVC">
        <OnceOffCharge Amount="11.199999999999999289457264239899814128875732421875"/>
        <RecurringCharge Amount="11.199999999999999289457264239899814128875732421875"/>
      </ServiceElementAttribute>
      <ServiceElementAttribute Name="Maximum Frame Size" Value="6"/>
      <ServiceElementAttribute Name="DLCI numbering plan by" Value="Equant"/>
      <ServiceElementAttribute Name="Local Management Interface (LMI Type)" Value="Vendor FORUM"/>
      <ServiceElementAttribute Name="Symmetric" Value="Symmetric PVC"/>
      <ServiceElementAttribute Name="Billing Option" Value="Flat rate billing"/>
      <ServiceElementAttribute Name="Local DLCI" Value="663"/>
      <ServiceElementAttribute Name="Remote DLCI" Value="44"/>
      <ServiceElementAttribute Name="CIR" Value="64 Kbps"/>
      <ServiceElementAttribute Name="Burst Option" Value="Standard"/>
      <ServiceElementAttribute Name="EIR" Value="32 Kbps"/>
      <ServiceElementAttribute Name="Local Access Connection Name" Value="Primary Access Connection"/>
      <ServiceElementAttribute Name="Local DNA Address" Value="dd12222"/>
      <ServiceElementAttribute Name="Local Customer Defined Code" Value="cdc"/>
      <ServiceElementAttribute Name="Local User Repertory Name" Value="s223"/>
      <ServiceElementAttribute Name="Remote Site" Value="GB - t - ttt"/>
    </ServiceElement>
  </Version>
</Message>

