<?xml version="1.0" encoding="UTF-8"?>

<Message>
  <Version Orderid="TEST-ORD-001" ContractId="Test Contract 1111" SiteId="Test Site"
           OrderSentDate="2002-09-20 10:29:32" Ordertype="New" Orderstatus="ReleaseOrder"
           customerId="1111" EndUserId="1111" ServiceId="FRAME_RELAY_TEST" ExchangeRate="1.0">

    <System Id="GOLD">
      <User Name="tester"/>
    </System>

    <ServiceElement CreationDate="2002-09-20 10:29:33" Id="TEST-EL-001"
                    ServiceElementClass="AccessConnection"
                    Name="Test Primary Access Connection"
                    Description="Test Primary Access Connection Description">
      <Type Category="Creation"/>
      <ServiceElementAttribute Name="Access Connection Name" Value="Primary Access Connection">
        <OnceOffCharge Amount="10"/>
        <RecurringCharge Amount="110"/>
        <UsageCharge ChargeCategoryId="TST-CAT-1" ChangeTypeCode="TST-CHANGE-TYPE-1"/>
      </ServiceElementAttribute>
      <ServiceElementAttribute Name="Circuit Type" Value="Digital Leased Line">
        <OnceOffCharge Amount="20"/>
        <RecurringCharge Amount="220"/>
      </ServiceElementAttribute>
      <ServiceElementAttribute Name="Port Type" Value="Frame Relay">
        <OnceOffCharge Amount="30"/>
        <RecurringCharge Amount="330"/>
      </ServiceElementAttribute>
      <ServiceElementAttribute Name="Port Speed" Value="64 Kbps"/>
      <OnceOffCharge Amount="40" ChargeCategoryId="TST-CAT-40" DiscountCode="TST-DISCOUNT-40" ChangeTypeCode="TST-CHANGE-TYPE-40"/>
      <RecurringCharge Amount="440" ChargeCategoryId="TST-CAT-440" DiscountCode="TST-DISCOUNT-440" ChangeTypeCode="TST-CHANGE-TYPE-440"/>
    </ServiceElement>

    <ServiceElement CreationDate="2002-09-20 10:29:34"
                    Id="TEST-EL-002"
                    ServiceElementClass="BackupOptions"
                    Name="Test Backup Access Connection"
                    Description="Test Backup Access Connection Description">
      <Type Category="Creation"/>
      <ServiceElementAttribute Name="Access Connection Name" Value="Backup Access Connection">
        <OnceOffCharge Amount="50"/>
        <RecurringCharge Amount="550"/>
        <UsageCharge ChargeCategoryId="TST-CAT-5"/>
      </ServiceElementAttribute>
      <ServiceElementAttribute Name="Circuit Type" Value="Digital Leased Line">
        <OnceOffCharge Amount="60"/>
        <RecurringCharge Amount="660"/>
      </ServiceElementAttribute>
      <ServiceElementAttribute Name="Port Type" Value="Frame Relay">
        <OnceOffCharge Amount="70"/>
        <RecurringCharge Amount="770"/>
      </ServiceElementAttribute>
      <ServiceElementAttribute Name="Port Speed" Value="64 Kbps"/>
      <OnceOffCharge Amount="80"/>
      <RecurringCharge Amount="880"/>
    </ServiceElement>

    <ServiceElement CreationDate="2002-09-20 10:29:34"
                    Id="TEST-EL-003"
                    ServiceElementClass="ServiceOptions"
                    Name="Test Service Options 1"
                    Description="Test Service Options 1 Description">
      <Type Category="Creation"/>
      <ServiceElementAttribute Name="Test Option 1" Value="Test Value 1">
        <OnceOffCharge Amount="90"/>
        <RecurringCharge Amount="990"/>
        <UsageCharge ChargeCategoryId="TST-CAT-9"/>
      </ServiceElementAttribute>
      <UsageCharge ChargeCategoryId="TST-CAT-100"/>
    </ServiceElement>

    <ServiceElement CreationDate="2002-09-20 10:29:34"
                    Id="TEST-EL-004"
                    ServiceElementClass="ServiceOptions"
                    Name="Test Service Options 2"
                    Description="Test Service Options 2 Description">
      <Type Category="Creation"/>
      <ServiceElementAttribute Name="Test Option 2" Value="Test Value 2">
        <OnceOffCharge Amount="90"/>
        <RecurringCharge Amount="990"/>
        <UsageCharge ChargeCategoryId="TST-CAT-9"/>
      </ServiceElementAttribute>
      <UsageCharge ChargeCategoryId="TST-CAT-200"/>
    </ServiceElement>

  </Version>
</Message>